<?xml version="1.0" encoding="UTF-8"?>
<!-- Generated by org.testng.reporters.JUnitReportReporter -->
<testsuite skipped="0" hostname="DESKTOP-U63PT7Q" name="org.Test.DataDrivenTests" tests="8" failures="0" timestamp="2023-05-27T19:37:44 IST" time="34.812" errors="0">
  <testcase name="testPostUser" time="3.051" classname="org.Test.DataDrivenTests"/>
  <system-out/>
  <testcase name="testPostUser" time="2.868" classname="org.Test.DataDrivenTests"/>
  <system-out/>
  <testcase name="testPostUser" time="2.548" classname="org.Test.DataDrivenTests"/>
  <system-out/>
  <testcase name="testPostUser" time="16.606" classname="org.Test.DataDrivenTests"/>
  <system-out/>
  <testcase name="deleteUserByUserName" time="1.846" classname="org.Test.DataDrivenTests"/>
  <system-out/>
  <testcase name="deleteUserByUserName" time="2.724" classname="org.Test.DataDrivenTests"/>
  <system-out/>
  <testcase name="deleteUserByUserName" time="2.531" classname="org.Test.DataDrivenTests"/>
  <system-out/>
  <testcase name="deleteUserByUserName" time="2.638" classname="org.Test.DataDrivenTests"/>
  <system-out/>
</testsuite> <!-- org.Test.DataDrivenTests -->
