<?xml version="1.0" encoding="UTF-8"?>
<!-- Generated by org.testng.reporters.JUnitReportReporter -->
<testsuite skipped="0" hostname="DESKTOP-U63PT7Q" name="org.Test.UserTests" tests="4" failures="0" timestamp="2023-05-27T22:26:54 IST" time="20.309" errors="0">
  <testcase name="testPostUser" time="15.324" classname="org.Test.UserTests"/>
  <system-out/>
  <testcase name="testGetUser" time="1.437" classname="org.Test.UserTests"/>
  <system-out/>
  <testcase name="updateUser" time="2.391" classname="org.Test.UserTests"/>
  <system-out/>
  <testcase name="deleteUser" time="1.157" classname="org.Test.UserTests"/>
  <system-out/>
</testsuite> <!-- org.Test.UserTests -->
